<?xml version="1.0" encoding="UTF-8"?>
<testng-results ignored="0" total="1" passed="1" failed="0" skipped="0">
  <reporter-output>
  </reporter-output>
  <suite started-at="2025-07-09T15:37:40 IST" name="Default suite" finished-at="2025-07-09T15:37:45 IST" duration-ms="5928">
    <groups>
    </groups>
    <test started-at="2025-07-09T15:37:40 IST" name="Default test" finished-at="2025-07-09T15:37:45 IST" duration-ms="5928">
      <class name="git.Browser_Open">
        <test-method signature="browser_open()[pri:1, instance:git.Browser_Open@4dd02341]" started-at="2025-07-09T15:37:40 IST" name="browser_open" finished-at="2025-07-09T15:37:45 IST" duration-ms="5793" status="PASS">
          <reporter-output>
          </reporter-output>
        </test-method> <!-- browser_open -->
      </class> <!-- git.Browser_Open -->
    </test> <!-- Default test -->
  </suite> <!-- Default suite -->
</testng-results>
